Determining if the pthread_create exist failed with the following output:
Change Dir: /home/ayesha/RBE-3002_FinalProject/Final_Project/build/CMakeFiles/CMakeTmp

Run Build Command:/usr/bin/make "cmTryCompileExec587763304/fast"
/usr/bin/make -f CMakeFiles/cmTryCompileExec587763304.dir/build.make CMakeFiles/cmTryCompileExec587763304.dir/build
make[1]: Entering directory `/home/ayesha/RBE-3002_FinalProject/Final_Project/build/CMakeFiles/CMakeTmp'
/usr/bin/cmake -E cmake_progress_report /home/ayesha/RBE-3002_FinalProject/Final_Project/build/CMakeFiles/CMakeTmp/CMakeFiles 1
Building C object CMakeFiles/cmTryCompileExec587763304.dir/CheckSymbolExists.c.o
/usr/bin/cc    -o CMakeFiles/cmTryCompileExec587763304.dir/CheckSymbolExists.c.o   -c /home/ayesha/RBE-3002_FinalProject/Final_Project/build/CMakeFiles/CMakeTmp/CheckSymbolExists.c
Linking C executable cmTryCompileExec587763304
/usr/bin/cmake -E cmake_link_script CMakeFiles/cmTryCompileExec587763304.dir/link.txt --verbose=1
/usr/bin/cc         CMakeFiles/cmTryCompileExec587763304.dir/CheckSymbolExists.c.o  -o cmTryCompileExec587763304 -rdynamic 
CMakeFiles/cmTryCompileExec587763304.dir/CheckSymbolExists.c.o: In function `main':
CheckSymbolExists.c:(.text+0x16): undefined reference to `pthread_create'
collect2: error: ld returned 1 exit status
make[1]: *** [cmTryCompileExec587763304] Error 1
make[1]: Leaving directory `/home/ayesha/RBE-3002_FinalProject/Final_Project/build/CMakeFiles/CMakeTmp'
make: *** [cmTryCompileExec587763304/fast] Error 2

File /home/ayesha/RBE-3002_FinalProject/Final_Project/build/CMakeFiles/CMakeTmp/CheckSymbolExists.c:
/* */
#include <pthread.h>

int main(int argc, char** argv)
{
  (void)argv;
#ifndef pthread_create
  return ((int*)(&pthread_create))[argc];
#else
  (void)argc;
  return 0;
#endif
}

Determining if the function pthread_create exists in the pthreads failed with the following output:
Change Dir: /home/ayesha/RBE-3002_FinalProject/Final_Project/build/CMakeFiles/CMakeTmp

Run Build Command:/usr/bin/make "cmTryCompileExec2134731168/fast"
/usr/bin/make -f CMakeFiles/cmTryCompileExec2134731168.dir/build.make CMakeFiles/cmTryCompileExec2134731168.dir/build
make[1]: Entering directory `/home/ayesha/RBE-3002_FinalProject/Final_Project/build/CMakeFiles/CMakeTmp'
/usr/bin/cmake -E cmake_progress_report /home/ayesha/RBE-3002_FinalProject/Final_Project/build/CMakeFiles/CMakeTmp/CMakeFiles 1
Building C object CMakeFiles/cmTryCompileExec2134731168.dir/CheckFunctionExists.c.o
/usr/bin/cc   -DCHECK_FUNCTION_EXISTS=pthread_create   -o CMakeFiles/cmTryCompileExec2134731168.dir/CheckFunctionExists.c.o   -c /usr/share/cmake-2.8/Modules/CheckFunctionExists.c
Linking C executable cmTryCompileExec2134731168
/usr/bin/cmake -E cmake_link_script CMakeFiles/cmTryCompileExec2134731168.dir/link.txt --verbose=1
/usr/bin/cc     -DCHECK_FUNCTION_EXISTS=pthread_create    CMakeFiles/cmTryCompileExec2134731168.dir/CheckFunctionExists.c.o  -o cmTryCompileExec2134731168 -rdynamic -lpthreads 
/usr/bin/ld: cannot find -lpthreads
collect2: error: ld returned 1 exit status
make[1]: *** [cmTryCompileExec2134731168] Error 1
make[1]: Leaving directory `/home/ayesha/RBE-3002_FinalProject/Final_Project/build/CMakeFiles/CMakeTmp'
make: *** [cmTryCompileExec2134731168/fast] Error 2


