Determining if the pthread_create exist failed with the following output:
Change Dir: /home/ayesha/Lab3_ws/build/CMakeFiles/CMakeTmp

Run Build Command:/usr/bin/make "cmTryCompileExec2413410316/fast"
/usr/bin/make -f CMakeFiles/cmTryCompileExec2413410316.dir/build.make CMakeFiles/cmTryCompileExec2413410316.dir/build
make[1]: Entering directory `/home/ayesha/Lab3_ws/build/CMakeFiles/CMakeTmp'
/usr/bin/cmake -E cmake_progress_report /home/ayesha/Lab3_ws/build/CMakeFiles/CMakeTmp/CMakeFiles 1
Building C object CMakeFiles/cmTryCompileExec2413410316.dir/CheckSymbolExists.c.o
/usr/bin/cc    -o CMakeFiles/cmTryCompileExec2413410316.dir/CheckSymbolExists.c.o   -c /home/ayesha/Lab3_ws/build/CMakeFiles/CMakeTmp/CheckSymbolExists.c
Linking C executable cmTryCompileExec2413410316
/usr/bin/cmake -E cmake_link_script CMakeFiles/cmTryCompileExec2413410316.dir/link.txt --verbose=1
/usr/bin/cc         CMakeFiles/cmTryCompileExec2413410316.dir/CheckSymbolExists.c.o  -o cmTryCompileExec2413410316 -rdynamic 
CMakeFiles/cmTryCompileExec2413410316.dir/CheckSymbolExists.c.o: In function `main':
CheckSymbolExists.c:(.text+0x16): undefined reference to `pthread_create'
collect2: error: ld returned 1 exit status
make[1]: *** [cmTryCompileExec2413410316] Error 1
make[1]: Leaving directory `/home/ayesha/Lab3_ws/build/CMakeFiles/CMakeTmp'
make: *** [cmTryCompileExec2413410316/fast] Error 2

File /home/ayesha/Lab3_ws/build/CMakeFiles/CMakeTmp/CheckSymbolExists.c:
/* */
#include <pthread.h>

int main(int argc, char** argv)
{
  (void)argv;
#ifndef pthread_create
  return ((int*)(&pthread_create))[argc];
#else
  (void)argc;
  return 0;
#endif
}

Determining if the function pthread_create exists in the pthreads failed with the following output:
Change Dir: /home/ayesha/Lab3_ws/build/CMakeFiles/CMakeTmp

Run Build Command:/usr/bin/make "cmTryCompileExec2302827517/fast"
/usr/bin/make -f CMakeFiles/cmTryCompileExec2302827517.dir/build.make CMakeFiles/cmTryCompileExec2302827517.dir/build
make[1]: Entering directory `/home/ayesha/Lab3_ws/build/CMakeFiles/CMakeTmp'
/usr/bin/cmake -E cmake_progress_report /home/ayesha/Lab3_ws/build/CMakeFiles/CMakeTmp/CMakeFiles 1
Building C object CMakeFiles/cmTryCompileExec2302827517.dir/CheckFunctionExists.c.o
/usr/bin/cc   -DCHECK_FUNCTION_EXISTS=pthread_create   -o CMakeFiles/cmTryCompileExec2302827517.dir/CheckFunctionExists.c.o   -c /usr/share/cmake-2.8/Modules/CheckFunctionExists.c
Linking C executable cmTryCompileExec2302827517
/usr/bin/cmake -E cmake_link_script CMakeFiles/cmTryCompileExec2302827517.dir/link.txt --verbose=1
/usr/bin/cc     -DCHECK_FUNCTION_EXISTS=pthread_create    CMakeFiles/cmTryCompileExec2302827517.dir/CheckFunctionExists.c.o  -o cmTryCompileExec2302827517 -rdynamic -lpthreads 
/usr/bin/ld: cannot find -lpthreads
collect2: error: ld returned 1 exit status
make[1]: *** [cmTryCompileExec2302827517] Error 1
make[1]: Leaving directory `/home/ayesha/Lab3_ws/build/CMakeFiles/CMakeTmp'
make: *** [cmTryCompileExec2302827517/fast] Error 2


